<?xml version="1.0" encoding="UTF-8"?>
<!-- Generated by org.testng.reporters.JUnitReportReporter -->
<testsuite hostname="EC2AMAZ-S11DBRH" failures="0" tests="3" name="Runner.EcomRunner" time="0.108" errors="0" timestamp="2023-03-15T18:29:55 GMT" skipped="0">
  <testcase classname="Runner.EcomRunner" name="runScenario" time="0.011"/>
  <system-out/>
  <testcase classname="Runner.EcomRunner" name="runScenario" time="0.010"/>
  <system-out/>
  <testcase classname="Runner.EcomRunner" name="runScenario" time="0.087"/>
  <system-out/>
</testsuite> <!-- Runner.EcomRunner -->
